{"D:\\project\\user-poc\\index.js": {"path":"D:\\project\\user-poc\\index.js","statementMap":{"0":{"start":{"line":8,"column":16},"end":{"line":8,"column":34}},"1":{"start":{"line":9,"column":13},"end":{"line":9,"column":28}},"2":{"start":{"line":10,"column":0},"end":{"line":10,"column":27}},"3":{"start":{"line":12,"column":12},"end":{"line":12,"column":21}},"4":{"start":{"line":15,"column":20},"end":{"line":15,"column":51}},"5":{"start":{"line":17,"column":0},"end":{"line":23,"column":2}},"6":{"start":{"line":25,"column":0},"end":{"line":25,"column":21}},"7":{"start":{"line":27,"column":13},"end":{"line":27,"column":37}},"8":{"start":{"line":28,"column":0},"end":{"line":30,"column":3}},"9":{"start":{"line":29,"column":4},"end":{"line":29,"column":41}},"10":{"start":{"line":32,"column":0},"end":{"line":32,"column":21}}},"fnMap":{"0":{"name":"(anonymous_0)","decl":{"start":{"line":28,"column":33},"end":{"line":28,"column":34}},"loc":{"start":{"line":28,"column":44},"end":{"line":30,"column":1}},"line":28}},"branchMap":{"0":{"loc":{"start":{"line":27,"column":13},"end":{"line":27,"column":37}},"type":"binary-expr","locations":[{"start":{"line":27,"column":13},"end":{"line":27,"column":29}},{"start":{"line":27,"column":33},"end":{"line":27,"column":37}}],"line":27}},"s":{"0":1,"1":1,"2":1,"3":1,"4":1,"5":1,"6":1,"7":1,"8":1,"9":1,"10":1},"f":{"0":1},"b":{"0":[1,1]},"_coverageSchema":"1a1c01bbd47fc00a2c39e90264f33305004495a9","hash":"84a01f5ac29d27de2f62fc382c5db81004a769c3"}
,"D:\\project\\user-poc\\Middleware\\authMiddleware.js": {"path":"D:\\project\\user-poc\\Middleware\\authMiddleware.js","statementMap":{"0":{"start":{"line":1,"column":12},"end":{"line":1,"column":35}},"1":{"start":{"line":2,"column":11},"end":{"line":2,"column":44}},"2":{"start":{"line":3,"column":18},"end":{"line":3,"column":40}},"3":{"start":{"line":5,"column":26},"end":{"line":37,"column":1}},"4":{"start":{"line":6,"column":25},"end":{"line":6,"column":53}},"5":{"start":{"line":7,"column":4},"end":{"line":9,"column":5}},"6":{"start":{"line":8,"column":8},"end":{"line":8,"column":86}},"7":{"start":{"line":10,"column":19},"end":{"line":10,"column":42}},"8":{"start":{"line":11,"column":18},"end":{"line":11,"column":27}},"9":{"start":{"line":13,"column":4},"end":{"line":15,"column":5}},"10":{"start":{"line":14,"column":8},"end":{"line":14,"column":86}},"11":{"start":{"line":17,"column":4},"end":{"line":36,"column":5}},"12":{"start":{"line":18,"column":24},"end":{"line":18,"column":52}},"13":{"start":{"line":20,"column":25},"end":{"line":20,"column":76}},"14":{"start":{"line":21,"column":8},"end":{"line":32,"column":11}},"15":{"start":{"line":22,"column":12},"end":{"line":25,"column":13}},"16":{"start":{"line":23,"column":16},"end":{"line":23,"column":76}},"17":{"start":{"line":24,"column":16},"end":{"line":24,"column":98}},"18":{"start":{"line":26,"column":12},"end":{"line":28,"column":13}},"19":{"start":{"line":27,"column":16},"end":{"line":27,"column":75}},"20":{"start":{"line":30,"column":12},"end":{"line":30,"column":48}},"21":{"start":{"line":31,"column":12},"end":{"line":31,"column":19}},"22":{"start":{"line":34,"column":8},"end":{"line":34,"column":52}},"23":{"start":{"line":35,"column":8},"end":{"line":35,"column":105}},"24":{"start":{"line":39,"column":0},"end":{"line":39,"column":35}}},"fnMap":{"0":{"name":"(anonymous_0)","decl":{"start":{"line":5,"column":26},"end":{"line":5,"column":27}},"loc":{"start":{"line":5,"column":46},"end":{"line":37,"column":1}},"line":5},"1":{"name":"(anonymous_1)","decl":{"start":{"line":21,"column":69},"end":{"line":21,"column":70}},"loc":{"start":{"line":21,"column":86},"end":{"line":32,"column":9}},"line":21}},"branchMap":{"0":{"loc":{"start":{"line":7,"column":4},"end":{"line":9,"column":5}},"type":"if","locations":[{"start":{"line":7,"column":4},"end":{"line":9,"column":5}},{"start":{},"end":{}}],"line":7},"1":{"loc":{"start":{"line":13,"column":4},"end":{"line":15,"column":5}},"type":"if","locations":[{"start":{"line":13,"column":4},"end":{"line":15,"column":5}},{"start":{},"end":{}}],"line":13},"2":{"loc":{"start":{"line":22,"column":12},"end":{"line":25,"column":13}},"type":"if","locations":[{"start":{"line":22,"column":12},"end":{"line":25,"column":13}},{"start":{},"end":{}}],"line":22},"3":{"loc":{"start":{"line":26,"column":12},"end":{"line":28,"column":13}},"type":"if","locations":[{"start":{"line":26,"column":12},"end":{"line":28,"column":13}},{"start":{},"end":{}}],"line":26}},"s":{"0":2,"1":2,"2":2,"3":2,"4":3,"5":3,"6":1,"7":2,"8":2,"9":2,"10":0,"11":2,"12":2,"13":1,"14":1,"15":1,"16":0,"17":0,"18":1,"19":0,"20":1,"21":1,"22":1,"23":1,"24":2},"f":{"0":3,"1":1},"b":{"0":[1,2],"1":[0,2],"2":[0,1],"3":[0,1]},"_coverageSchema":"1a1c01bbd47fc00a2c39e90264f33305004495a9","hash":"3f411118469b903d057e6921fba4be720fc45f32"}
,"D:\\project\\user-poc\\Models\\dbConnection.js": {"path":"D:\\project\\user-poc\\Models\\dbConnection.js","statementMap":{"0":{"start":{"line":7,"column":0},"end":{"line":7,"column":27}},"1":{"start":{"line":9,"column":14},"end":{"line":9,"column":31}},"2":{"start":{"line":10,"column":23},"end":{"line":10,"column":39}},"3":{"start":{"line":13,"column":13},"end":{"line":13,"column":33}},"4":{"start":{"line":14,"column":13},"end":{"line":14,"column":34}},"5":{"start":{"line":15,"column":17},"end":{"line":15,"column":37}},"6":{"start":{"line":16,"column":17},"end":{"line":16,"column":42}},"7":{"start":{"line":17,"column":24},"end":{"line":17,"column":50}},"8":{"start":{"line":19,"column":0},"end":{"line":19,"column":26}},"9":{"start":{"line":21,"column":21},"end":{"line":29,"column":2}},"10":{"start":{"line":31,"column":0},"end":{"line":43,"column":3}},"11":{"start":{"line":32,"column":4},"end":{"line":42,"column":5}},"12":{"start":{"line":33,"column":8},"end":{"line":36,"column":9}},"13":{"start":{"line":34,"column":12},"end":{"line":34,"column":72}},"14":{"start":{"line":35,"column":12},"end":{"line":35,"column":75}},"15":{"start":{"line":37,"column":8},"end":{"line":37,"column":46}},"16":{"start":{"line":38,"column":8},"end":{"line":38,"column":29}},"17":{"start":{"line":41,"column":8},"end":{"line":41,"column":50}},"18":{"start":{"line":45,"column":0},"end":{"line":45,"column":34}}},"fnMap":{"0":{"name":"(anonymous_0)","decl":{"start":{"line":31,"column":27},"end":{"line":31,"column":28}},"loc":{"start":{"line":31,"column":48},"end":{"line":43,"column":1}},"line":31}},"branchMap":{"0":{"loc":{"start":{"line":33,"column":8},"end":{"line":36,"column":9}},"type":"if","locations":[{"start":{"line":33,"column":8},"end":{"line":36,"column":9}},{"start":{},"end":{}}],"line":33}},"s":{"0":2,"1":2,"2":2,"3":2,"4":2,"5":2,"6":2,"7":2,"8":2,"9":2,"10":2,"11":1,"12":1,"13":0,"14":0,"15":1,"16":1,"17":0,"18":2},"f":{"0":1},"b":{"0":[0,1]},"_coverageSchema":"1a1c01bbd47fc00a2c39e90264f33305004495a9","hash":"93ee3fb15fc252c22785dad25f89c2249579a45d"}
,"D:\\project\\user-poc\\Routes\\fileHandler.js": {"path":"D:\\project\\user-poc\\Routes\\fileHandler.js","statementMap":{"0":{"start":{"line":8,"column":16},"end":{"line":8,"column":34}},"1":{"start":{"line":9,"column":15},"end":{"line":9,"column":31}},"2":{"start":{"line":10,"column":19},"end":{"line":10,"column":41}},"3":{"start":{"line":11,"column":12},"end":{"line":11,"column":35}},"4":{"start":{"line":15,"column":11},"end":{"line":15,"column":44}},"5":{"start":{"line":16,"column":26},"end":{"line":16,"column":65}},"6":{"start":{"line":18,"column":18},"end":{"line":18,"column":40}},"7":{"start":{"line":19,"column":25},"end":{"line":19,"column":55}},"8":{"start":{"line":20,"column":24},"end":{"line":20,"column":52}},"9":{"start":{"line":21,"column":31},"end":{"line":21,"column":67}},"10":{"start":{"line":23,"column":0},"end":{"line":23,"column":30}},"11":{"start":{"line":28,"column":0},"end":{"line":70,"column":3}},"12":{"start":{"line":29,"column":4},"end":{"line":69,"column":5}},"13":{"start":{"line":30,"column":83},"end":{"line":30,"column":91}},"14":{"start":{"line":31,"column":8},"end":{"line":33,"column":9}},"15":{"start":{"line":32,"column":12},"end":{"line":32,"column":89}},"16":{"start":{"line":35,"column":8},"end":{"line":35,"column":36}},"17":{"start":{"line":37,"column":25},"end":{"line":37,"column":62}},"18":{"start":{"line":38,"column":23},"end":{"line":38,"column":30}},"19":{"start":{"line":40,"column":8},"end":{"line":64,"column":11}},"20":{"start":{"line":41,"column":12},"end":{"line":44,"column":13}},"21":{"start":{"line":42,"column":16},"end":{"line":42,"column":66}},"22":{"start":{"line":43,"column":16},"end":{"line":43,"column":100}},"23":{"start":{"line":45,"column":12},"end":{"line":47,"column":13}},"24":{"start":{"line":46,"column":16},"end":{"line":46,"column":111}},"25":{"start":{"line":48,"column":12},"end":{"line":62,"column":13}},"26":{"start":{"line":50,"column":33},"end":{"line":50,"column":150}},"27":{"start":{"line":51,"column":31},"end":{"line":51,"column":99}},"28":{"start":{"line":52,"column":16},"end":{"line":61,"column":19}},"29":{"start":{"line":53,"column":20},"end":{"line":56,"column":21}},"30":{"start":{"line":54,"column":24},"end":{"line":54,"column":92}},"31":{"start":{"line":55,"column":24},"end":{"line":55,"column":125}},"32":{"start":{"line":57,"column":34},"end":{"line":57,"column":103}},"33":{"start":{"line":58,"column":41},"end":{"line":58,"column":124}},"34":{"start":{"line":60,"column":20},"end":{"line":60,"column":111}},"35":{"start":{"line":67,"column":8},"end":{"line":67,"column":25}},"36":{"start":{"line":68,"column":8},"end":{"line":68,"column":75}},"37":{"start":{"line":73,"column":0},"end":{"line":106,"column":3}},"38":{"start":{"line":74,"column":4},"end":{"line":105,"column":5}},"39":{"start":{"line":75,"column":34},"end":{"line":75,"column":42}},"40":{"start":{"line":76,"column":8},"end":{"line":76,"column":36}},"41":{"start":{"line":77,"column":8},"end":{"line":77,"column":43}},"42":{"start":{"line":79,"column":8},"end":{"line":81,"column":9}},"43":{"start":{"line":80,"column":12},"end":{"line":80,"column":90}},"44":{"start":{"line":82,"column":8},"end":{"line":82,"column":36}},"45":{"start":{"line":84,"column":25},"end":{"line":84,"column":79}},"46":{"start":{"line":85,"column":23},"end":{"line":85,"column":40}},"47":{"start":{"line":86,"column":8},"end":{"line":100,"column":11}},"48":{"start":{"line":87,"column":12},"end":{"line":90,"column":13}},"49":{"start":{"line":88,"column":16},"end":{"line":88,"column":57}},"50":{"start":{"line":89,"column":16},"end":{"line":89,"column":100}},"51":{"start":{"line":91,"column":12},"end":{"line":93,"column":13}},"52":{"start":{"line":92,"column":16},"end":{"line":92,"column":100}},"53":{"start":{"line":95,"column":26},"end":{"line":95,"column":95}},"54":{"start":{"line":96,"column":33},"end":{"line":96,"column":116}},"55":{"start":{"line":98,"column":12},"end":{"line":98,"column":44}},"56":{"start":{"line":99,"column":12},"end":{"line":99,"column":93}},"57":{"start":{"line":103,"column":8},"end":{"line":103,"column":25}},"58":{"start":{"line":104,"column":8},"end":{"line":104,"column":75}},"59":{"start":{"line":108,"column":0},"end":{"line":133,"column":3}},"60":{"start":{"line":109,"column":4},"end":{"line":132,"column":5}},"61":{"start":{"line":111,"column":19},"end":{"line":111,"column":48}},"62":{"start":{"line":112,"column":20},"end":{"line":112,"column":51}},"63":{"start":{"line":114,"column":21},"end":{"line":114,"column":39}},"64":{"start":{"line":116,"column":25},"end":{"line":116,"column":63}},"65":{"start":{"line":118,"column":8},"end":{"line":127,"column":11}},"66":{"start":{"line":119,"column":12},"end":{"line":122,"column":13}},"67":{"start":{"line":120,"column":16},"end":{"line":120,"column":57}},"68":{"start":{"line":121,"column":16},"end":{"line":121,"column":100}},"69":{"start":{"line":123,"column":12},"end":{"line":125,"column":13}},"70":{"start":{"line":124,"column":16},"end":{"line":124,"column":102}},"71":{"start":{"line":126,"column":12},"end":{"line":126,"column":84}},"72":{"start":{"line":130,"column":8},"end":{"line":130,"column":25}},"73":{"start":{"line":131,"column":8},"end":{"line":131,"column":75}},"74":{"start":{"line":135,"column":0},"end":{"line":164,"column":3}},"75":{"start":{"line":136,"column":4},"end":{"line":163,"column":5}},"76":{"start":{"line":137,"column":20},"end":{"line":137,"column":37}},"77":{"start":{"line":138,"column":8},"end":{"line":138,"column":42}},"78":{"start":{"line":145,"column":25},"end":{"line":145,"column":62}},"79":{"start":{"line":146,"column":23},"end":{"line":146,"column":30}},"80":{"start":{"line":148,"column":8},"end":{"line":158,"column":11}},"81":{"start":{"line":149,"column":12},"end":{"line":152,"column":13}},"82":{"start":{"line":150,"column":16},"end":{"line":150,"column":57}},"83":{"start":{"line":151,"column":16},"end":{"line":151,"column":100}},"84":{"start":{"line":153,"column":12},"end":{"line":155,"column":13}},"85":{"start":{"line":154,"column":16},"end":{"line":154,"column":115}},"86":{"start":{"line":157,"column":12},"end":{"line":157,"column":51}},"87":{"start":{"line":161,"column":8},"end":{"line":161,"column":25}},"88":{"start":{"line":162,"column":8},"end":{"line":162,"column":75}},"89":{"start":{"line":166,"column":0},"end":{"line":230,"column":3}},"90":{"start":{"line":167,"column":4},"end":{"line":229,"column":5}},"91":{"start":{"line":168,"column":20},"end":{"line":168,"column":37}},"92":{"start":{"line":170,"column":67},"end":{"line":170,"column":75}},"93":{"start":{"line":172,"column":8},"end":{"line":172,"column":42}},"94":{"start":{"line":174,"column":26},"end":{"line":174,"column":63}},"95":{"start":{"line":175,"column":24},"end":{"line":175,"column":31}},"96":{"start":{"line":177,"column":8},"end":{"line":224,"column":11}},"97":{"start":{"line":178,"column":12},"end":{"line":181,"column":13}},"98":{"start":{"line":179,"column":16},"end":{"line":179,"column":57}},"99":{"start":{"line":180,"column":16},"end":{"line":180,"column":100}},"100":{"start":{"line":182,"column":12},"end":{"line":184,"column":13}},"101":{"start":{"line":183,"column":16},"end":{"line":183,"column":115}},"102":{"start":{"line":186,"column":33},"end":{"line":186,"column":35}},"103":{"start":{"line":187,"column":33},"end":{"line":187,"column":35}},"104":{"start":{"line":189,"column":12},"end":{"line":192,"column":13}},"105":{"start":{"line":190,"column":16},"end":{"line":190,"column":51}},"106":{"start":{"line":191,"column":16},"end":{"line":191,"column":45}},"107":{"start":{"line":193,"column":12},"end":{"line":196,"column":13}},"108":{"start":{"line":194,"column":16},"end":{"line":194,"column":50}},"109":{"start":{"line":195,"column":16},"end":{"line":195,"column":44}},"110":{"start":{"line":197,"column":12},"end":{"line":200,"column":13}},"111":{"start":{"line":198,"column":16},"end":{"line":198,"column":50}},"112":{"start":{"line":199,"column":16},"end":{"line":199,"column":44}},"113":{"start":{"line":201,"column":12},"end":{"line":204,"column":13}},"114":{"start":{"line":202,"column":16},"end":{"line":202,"column":46}},"115":{"start":{"line":203,"column":16},"end":{"line":203,"column":40}},"116":{"start":{"line":205,"column":12},"end":{"line":208,"column":13}},"117":{"start":{"line":206,"column":16},"end":{"line":206,"column":52}},"118":{"start":{"line":207,"column":16},"end":{"line":207,"column":46}},"119":{"start":{"line":210,"column":12},"end":{"line":212,"column":13}},"120":{"start":{"line":211,"column":16},"end":{"line":211,"column":94}},"121":{"start":{"line":214,"column":12},"end":{"line":214,"column":37}},"122":{"start":{"line":216,"column":32},"end":{"line":216,"column":93}},"123":{"start":{"line":217,"column":12},"end":{"line":223,"column":15}},"124":{"start":{"line":218,"column":16},"end":{"line":221,"column":17}},"125":{"start":{"line":219,"column":20},"end":{"line":219,"column":61}},"126":{"start":{"line":220,"column":20},"end":{"line":220,"column":104}},"127":{"start":{"line":222,"column":16},"end":{"line":222,"column":113}},"128":{"start":{"line":227,"column":8},"end":{"line":227,"column":25}},"129":{"start":{"line":228,"column":8},"end":{"line":228,"column":75}},"130":{"start":{"line":232,"column":0},"end":{"line":246,"column":3}},"131":{"start":{"line":233,"column":4},"end":{"line":245,"column":5}},"132":{"start":{"line":234,"column":25},"end":{"line":234,"column":44}},"133":{"start":{"line":235,"column":8},"end":{"line":241,"column":11}},"134":{"start":{"line":236,"column":12},"end":{"line":239,"column":13}},"135":{"start":{"line":237,"column":16},"end":{"line":237,"column":57}},"136":{"start":{"line":238,"column":16},"end":{"line":238,"column":100}},"137":{"start":{"line":240,"column":12},"end":{"line":240,"column":110}},"138":{"start":{"line":243,"column":8},"end":{"line":243,"column":25}},"139":{"start":{"line":244,"column":8},"end":{"line":244,"column":75}},"140":{"start":{"line":248,"column":0},"end":{"line":273,"column":3}},"141":{"start":{"line":249,"column":4},"end":{"line":272,"column":5}},"142":{"start":{"line":250,"column":20},"end":{"line":250,"column":37}},"143":{"start":{"line":251,"column":8},"end":{"line":251,"column":42}},"144":{"start":{"line":253,"column":25},"end":{"line":253,"column":60}},"145":{"start":{"line":254,"column":23},"end":{"line":254,"column":30}},"146":{"start":{"line":256,"column":8},"end":{"line":267,"column":11}},"147":{"start":{"line":257,"column":12},"end":{"line":260,"column":13}},"148":{"start":{"line":258,"column":16},"end":{"line":258,"column":57}},"149":{"start":{"line":259,"column":16},"end":{"line":259,"column":100}},"150":{"start":{"line":262,"column":12},"end":{"line":264,"column":13}},"151":{"start":{"line":263,"column":16},"end":{"line":263,"column":89}},"152":{"start":{"line":266,"column":12},"end":{"line":266,"column":104}},"153":{"start":{"line":270,"column":8},"end":{"line":270,"column":25}},"154":{"start":{"line":271,"column":8},"end":{"line":271,"column":75}},"155":{"start":{"line":276,"column":0},"end":{"line":276,"column":24}}},"fnMap":{"0":{"name":"(anonymous_0)","decl":{"start":{"line":28,"column":35},"end":{"line":28,"column":36}},"loc":{"start":{"line":28,"column":54},"end":{"line":70,"column":1}},"line":28},"1":{"name":"(anonymous_1)","decl":{"start":{"line":40,"column":48},"end":{"line":40,"column":49}},"loc":{"start":{"line":40,"column":65},"end":{"line":64,"column":9}},"line":40},"2":{"name":"(anonymous_2)","decl":{"start":{"line":52,"column":56},"end":{"line":52,"column":57}},"loc":{"start":{"line":52,"column":71},"end":{"line":61,"column":17}},"line":52},"3":{"name":"(anonymous_3)","decl":{"start":{"line":73,"column":35},"end":{"line":73,"column":36}},"loc":{"start":{"line":73,"column":54},"end":{"line":106,"column":1}},"line":73},"4":{"name":"(anonymous_4)","decl":{"start":{"line":86,"column":48},"end":{"line":86,"column":49}},"loc":{"start":{"line":86,"column":65},"end":{"line":100,"column":9}},"line":86},"5":{"name":"(anonymous_5)","decl":{"start":{"line":108,"column":50},"end":{"line":108,"column":51}},"loc":{"start":{"line":108,"column":69},"end":{"line":133,"column":1}},"line":108},"6":{"name":"(anonymous_6)","decl":{"start":{"line":118,"column":57},"end":{"line":118,"column":58}},"loc":{"start":{"line":118,"column":74},"end":{"line":127,"column":9}},"line":118},"7":{"name":"(anonymous_7)","decl":{"start":{"line":135,"column":54},"end":{"line":135,"column":55}},"loc":{"start":{"line":135,"column":73},"end":{"line":164,"column":1}},"line":135},"8":{"name":"(anonymous_8)","decl":{"start":{"line":148,"column":48},"end":{"line":148,"column":49}},"loc":{"start":{"line":148,"column":65},"end":{"line":158,"column":9}},"line":148},"9":{"name":"(anonymous_9)","decl":{"start":{"line":166,"column":54},"end":{"line":166,"column":55}},"loc":{"start":{"line":166,"column":73},"end":{"line":230,"column":1}},"line":166},"10":{"name":"(anonymous_10)","decl":{"start":{"line":177,"column":48},"end":{"line":177,"column":49}},"loc":{"start":{"line":177,"column":65},"end":{"line":224,"column":9}},"line":177},"11":{"name":"(anonymous_11)","decl":{"start":{"line":217,"column":61},"end":{"line":217,"column":62}},"loc":{"start":{"line":217,"column":78},"end":{"line":223,"column":13}},"line":217},"12":{"name":"(anonymous_12)","decl":{"start":{"line":232,"column":53},"end":{"line":232,"column":54}},"loc":{"start":{"line":232,"column":72},"end":{"line":246,"column":1}},"line":232},"13":{"name":"(anonymous_13)","decl":{"start":{"line":235,"column":40},"end":{"line":235,"column":41}},"loc":{"start":{"line":235,"column":57},"end":{"line":241,"column":9}},"line":235},"14":{"name":"(anonymous_14)","decl":{"start":{"line":248,"column":57},"end":{"line":248,"column":58}},"loc":{"start":{"line":248,"column":76},"end":{"line":273,"column":1}},"line":248},"15":{"name":"(anonymous_15)","decl":{"start":{"line":256,"column":48},"end":{"line":256,"column":49}},"loc":{"start":{"line":256,"column":65},"end":{"line":267,"column":9}},"line":256}},"branchMap":{"0":{"loc":{"start":{"line":31,"column":8},"end":{"line":33,"column":9}},"type":"if","locations":[{"start":{"line":31,"column":8},"end":{"line":33,"column":9}},{"start":{},"end":{}}],"line":31},"1":{"loc":{"start":{"line":31,"column":12},"end":{"line":31,"column":58}},"type":"binary-expr","locations":[{"start":{"line":31,"column":12},"end":{"line":31,"column":22}},{"start":{"line":31,"column":26},"end":{"line":31,"column":35}},{"start":{"line":31,"column":39},"end":{"line":31,"column":45}},{"start":{"line":31,"column":49},"end":{"line":31,"column":58}}],"line":31},"2":{"loc":{"start":{"line":41,"column":12},"end":{"line":44,"column":13}},"type":"if","locations":[{"start":{"line":41,"column":12},"end":{"line":44,"column":13}},{"start":{},"end":{}}],"line":41},"3":{"loc":{"start":{"line":45,"column":12},"end":{"line":47,"column":13}},"type":"if","locations":[{"start":{"line":45,"column":12},"end":{"line":47,"column":13}},{"start":{},"end":{}}],"line":45},"4":{"loc":{"start":{"line":48,"column":12},"end":{"line":62,"column":13}},"type":"if","locations":[{"start":{"line":48,"column":12},"end":{"line":62,"column":13}},{"start":{},"end":{}}],"line":48},"5":{"loc":{"start":{"line":48,"column":16},"end":{"line":48,"column":33}},"type":"binary-expr","locations":[{"start":{"line":48,"column":16},"end":{"line":48,"column":21}},{"start":{"line":48,"column":25},"end":{"line":48,"column":33}}],"line":48},"6":{"loc":{"start":{"line":53,"column":20},"end":{"line":56,"column":21}},"type":"if","locations":[{"start":{"line":53,"column":20},"end":{"line":56,"column":21}},{"start":{},"end":{}}],"line":53},"7":{"loc":{"start":{"line":79,"column":8},"end":{"line":81,"column":9}},"type":"if","locations":[{"start":{"line":79,"column":8},"end":{"line":81,"column":9}},{"start":{},"end":{}}],"line":79},"8":{"loc":{"start":{"line":79,"column":12},"end":{"line":79,"column":31}},"type":"binary-expr","locations":[{"start":{"line":79,"column":12},"end":{"line":79,"column":18}},{"start":{"line":79,"column":22},"end":{"line":79,"column":31}}],"line":79},"9":{"loc":{"start":{"line":87,"column":12},"end":{"line":90,"column":13}},"type":"if","locations":[{"start":{"line":87,"column":12},"end":{"line":90,"column":13}},{"start":{},"end":{}}],"line":87},"10":{"loc":{"start":{"line":91,"column":12},"end":{"line":93,"column":13}},"type":"if","locations":[{"start":{"line":91,"column":12},"end":{"line":93,"column":13}},{"start":{},"end":{}}],"line":91},"11":{"loc":{"start":{"line":111,"column":19},"end":{"line":111,"column":48}},"type":"binary-expr","locations":[{"start":{"line":111,"column":19},"end":{"line":111,"column":43}},{"start":{"line":111,"column":47},"end":{"line":111,"column":48}}],"line":111},"12":{"loc":{"start":{"line":112,"column":20},"end":{"line":112,"column":51}},"type":"binary-expr","locations":[{"start":{"line":112,"column":20},"end":{"line":112,"column":45}},{"start":{"line":112,"column":49},"end":{"line":112,"column":51}}],"line":112},"13":{"loc":{"start":{"line":119,"column":12},"end":{"line":122,"column":13}},"type":"if","locations":[{"start":{"line":119,"column":12},"end":{"line":122,"column":13}},{"start":{},"end":{}}],"line":119},"14":{"loc":{"start":{"line":123,"column":12},"end":{"line":125,"column":13}},"type":"if","locations":[{"start":{"line":123,"column":12},"end":{"line":125,"column":13}},{"start":{},"end":{}}],"line":123},"15":{"loc":{"start":{"line":149,"column":12},"end":{"line":152,"column":13}},"type":"if","locations":[{"start":{"line":149,"column":12},"end":{"line":152,"column":13}},{"start":{},"end":{}}],"line":149},"16":{"loc":{"start":{"line":153,"column":12},"end":{"line":155,"column":13}},"type":"if","locations":[{"start":{"line":153,"column":12},"end":{"line":155,"column":13}},{"start":{},"end":{}}],"line":153},"17":{"loc":{"start":{"line":178,"column":12},"end":{"line":181,"column":13}},"type":"if","locations":[{"start":{"line":178,"column":12},"end":{"line":181,"column":13}},{"start":{},"end":{}}],"line":178},"18":{"loc":{"start":{"line":182,"column":12},"end":{"line":184,"column":13}},"type":"if","locations":[{"start":{"line":182,"column":12},"end":{"line":184,"column":13}},{"start":{},"end":{}}],"line":182},"19":{"loc":{"start":{"line":189,"column":12},"end":{"line":192,"column":13}},"type":"if","locations":[{"start":{"line":189,"column":12},"end":{"line":192,"column":13}},{"start":{},"end":{}}],"line":189},"20":{"loc":{"start":{"line":193,"column":12},"end":{"line":196,"column":13}},"type":"if","locations":[{"start":{"line":193,"column":12},"end":{"line":196,"column":13}},{"start":{},"end":{}}],"line":193},"21":{"loc":{"start":{"line":197,"column":12},"end":{"line":200,"column":13}},"type":"if","locations":[{"start":{"line":197,"column":12},"end":{"line":200,"column":13}},{"start":{},"end":{}}],"line":197},"22":{"loc":{"start":{"line":201,"column":12},"end":{"line":204,"column":13}},"type":"if","locations":[{"start":{"line":201,"column":12},"end":{"line":204,"column":13}},{"start":{},"end":{}}],"line":201},"23":{"loc":{"start":{"line":205,"column":12},"end":{"line":208,"column":13}},"type":"if","locations":[{"start":{"line":205,"column":12},"end":{"line":208,"column":13}},{"start":{},"end":{}}],"line":205},"24":{"loc":{"start":{"line":210,"column":12},"end":{"line":212,"column":13}},"type":"if","locations":[{"start":{"line":210,"column":12},"end":{"line":212,"column":13}},{"start":{},"end":{}}],"line":210},"25":{"loc":{"start":{"line":218,"column":16},"end":{"line":221,"column":17}},"type":"if","locations":[{"start":{"line":218,"column":16},"end":{"line":221,"column":17}},{"start":{},"end":{}}],"line":218},"26":{"loc":{"start":{"line":236,"column":12},"end":{"line":239,"column":13}},"type":"if","locations":[{"start":{"line":236,"column":12},"end":{"line":239,"column":13}},{"start":{},"end":{}}],"line":236},"27":{"loc":{"start":{"line":257,"column":12},"end":{"line":260,"column":13}},"type":"if","locations":[{"start":{"line":257,"column":12},"end":{"line":260,"column":13}},{"start":{},"end":{}}],"line":257},"28":{"loc":{"start":{"line":262,"column":12},"end":{"line":264,"column":13}},"type":"if","locations":[{"start":{"line":262,"column":12},"end":{"line":264,"column":13}},{"start":{},"end":{}}],"line":262}},"s":{"0":1,"1":1,"2":1,"3":1,"4":1,"5":1,"6":1,"7":1,"8":1,"9":1,"10":1,"11":1,"12":5,"13":5,"14":5,"15":1,"16":4,"17":4,"18":4,"19":4,"20":3,"21":1,"22":1,"23":2,"24":1,"25":1,"26":1,"27":1,"28":1,"29":1,"30":0,"31":0,"32":1,"33":1,"34":1,"35":1,"36":1,"37":1,"38":5,"39":5,"40":5,"41":5,"42":5,"43":1,"44":4,"45":4,"46":4,"47":4,"48":3,"49":1,"50":1,"51":2,"52":1,"53":1,"54":1,"55":1,"56":1,"57":1,"58":1,"59":1,"60":5,"61":5,"62":5,"63":5,"64":5,"65":5,"66":4,"67":1,"68":1,"69":3,"70":1,"71":2,"72":1,"73":1,"74":1,"75":4,"76":4,"77":4,"78":4,"79":4,"80":4,"81":3,"82":1,"83":1,"84":2,"85":1,"86":1,"87":1,"88":1,"89":1,"90":5,"91":5,"92":5,"93":5,"94":5,"95":5,"96":5,"97":5,"98":1,"99":1,"100":4,"101":1,"102":3,"103":3,"104":3,"105":2,"106":2,"107":3,"108":2,"109":2,"110":3,"111":0,"112":0,"113":3,"114":0,"115":0,"116":3,"117":2,"118":2,"119":3,"120":1,"121":2,"122":2,"123":2,"124":2,"125":1,"126":1,"127":1,"128":0,"129":0,"130":1,"131":3,"132":3,"133":3,"134":2,"135":1,"136":1,"137":1,"138":1,"139":1,"140":1,"141":4,"142":4,"143":4,"144":4,"145":4,"146":4,"147":3,"148":1,"149":1,"150":2,"151":1,"152":1,"153":1,"154":1,"155":1},"f":{"0":5,"1":3,"2":1,"3":5,"4":3,"5":5,"6":4,"7":4,"8":3,"9":5,"10":5,"11":2,"12":3,"13":2,"14":4,"15":3},"b":{"0":[1,4],"1":[5,5,4,4],"2":[1,2],"3":[1,1],"4":[1,0],"5":[1,1],"6":[0,1],"7":[1,4],"8":[5,4],"9":[1,2],"10":[1,1],"11":[5,4],"12":[5,4],"13":[1,3],"14":[1,2],"15":[1,2],"16":[1,1],"17":[1,4],"18":[1,3],"19":[2,1],"20":[2,1],"21":[0,3],"22":[0,3],"23":[2,1],"24":[1,2],"25":[1,1],"26":[1,1],"27":[1,2],"28":[1,1]},"_coverageSchema":"1a1c01bbd47fc00a2c39e90264f33305004495a9","hash":"30dd9b6f385632c0cbfc36b555108cccf09e5ab4"}
}
