TN:
SF:index.js
FN:28,(anonymous_0)
FNF:1
FNH:1
FNDA:1,(anonymous_0)
DA:8,1
DA:9,1
DA:10,1
DA:12,1
DA:15,1
DA:17,1
DA:25,1
DA:27,1
DA:28,1
DA:29,1
DA:32,1
LF:11
LH:11
BRDA:27,0,0,1
BRDA:27,0,1,1
BRF:2
BRH:2
end_of_record
TN:
SF:Middleware\authMiddleware.js
FN:5,(anonymous_0)
FN:21,(anonymous_1)
FNF:2
FNH:2
FNDA:3,(anonymous_0)
FNDA:1,(anonymous_1)
DA:1,2
DA:2,2
DA:3,2
DA:5,2
DA:6,3
DA:7,3
DA:8,1
DA:10,2
DA:11,2
DA:13,2
DA:14,0
DA:17,2
DA:18,2
DA:20,1
DA:21,1
DA:22,1
DA:23,0
DA:24,0
DA:26,1
DA:27,0
DA:30,1
DA:31,1
DA:34,1
DA:35,1
DA:39,2
LF:25
LH:21
BRDA:7,0,0,1
BRDA:7,0,1,2
BRDA:13,1,0,0
BRDA:13,1,1,2
BRDA:22,2,0,0
BRDA:22,2,1,1
BRDA:26,3,0,0
BRDA:26,3,1,1
BRF:8
BRH:5
end_of_record
TN:
SF:Models\dbConnection.js
FN:31,(anonymous_0)
FNF:1
FNH:1
FNDA:1,(anonymous_0)
DA:7,2
DA:9,2
DA:10,2
DA:13,2
DA:14,2
DA:15,2
DA:16,2
DA:17,2
DA:19,2
DA:21,2
DA:31,2
DA:32,1
DA:33,1
DA:34,0
DA:35,0
DA:37,1
DA:38,1
DA:41,0
DA:45,2
LF:19
LH:16
BRDA:33,0,0,0
BRDA:33,0,1,1
BRF:2
BRH:1
end_of_record
TN:
SF:Routes\fileHandler.js
FN:28,(anonymous_0)
FN:40,(anonymous_1)
FN:52,(anonymous_2)
FN:73,(anonymous_3)
FN:86,(anonymous_4)
FN:108,(anonymous_5)
FN:118,(anonymous_6)
FN:135,(anonymous_7)
FN:148,(anonymous_8)
FN:166,(anonymous_9)
FN:177,(anonymous_10)
FN:217,(anonymous_11)
FN:232,(anonymous_12)
FN:235,(anonymous_13)
FN:248,(anonymous_14)
FN:256,(anonymous_15)
FNF:16
FNH:16
FNDA:5,(anonymous_0)
FNDA:3,(anonymous_1)
FNDA:1,(anonymous_2)
FNDA:5,(anonymous_3)
FNDA:3,(anonymous_4)
FNDA:5,(anonymous_5)
FNDA:4,(anonymous_6)
FNDA:4,(anonymous_7)
FNDA:3,(anonymous_8)
FNDA:5,(anonymous_9)
FNDA:5,(anonymous_10)
FNDA:2,(anonymous_11)
FNDA:3,(anonymous_12)
FNDA:2,(anonymous_13)
FNDA:4,(anonymous_14)
FNDA:3,(anonymous_15)
DA:8,1
DA:9,1
DA:10,1
DA:11,1
DA:15,1
DA:16,1
DA:18,1
DA:19,1
DA:20,1
DA:21,1
DA:23,1
DA:28,1
DA:29,5
DA:30,5
DA:31,5
DA:32,1
DA:35,4
DA:37,4
DA:38,4
DA:40,4
DA:41,3
DA:42,1
DA:43,1
DA:45,2
DA:46,1
DA:48,1
DA:50,1
DA:51,1
DA:52,1
DA:53,1
DA:54,0
DA:55,0
DA:57,1
DA:58,1
DA:60,1
DA:67,1
DA:68,1
DA:73,1
DA:74,5
DA:75,5
DA:76,5
DA:77,5
DA:79,5
DA:80,1
DA:82,4
DA:84,4
DA:85,4
DA:86,4
DA:87,3
DA:88,1
DA:89,1
DA:91,2
DA:92,1
DA:95,1
DA:96,1
DA:98,1
DA:99,1
DA:103,1
DA:104,1
DA:108,1
DA:109,5
DA:111,5
DA:112,5
DA:114,5
DA:116,5
DA:118,5
DA:119,4
DA:120,1
DA:121,1
DA:123,3
DA:124,1
DA:126,2
DA:130,1
DA:131,1
DA:135,1
DA:136,4
DA:137,4
DA:138,4
DA:145,4
DA:146,4
DA:148,4
DA:149,3
DA:150,1
DA:151,1
DA:153,2
DA:154,1
DA:157,1
DA:161,1
DA:162,1
DA:166,1
DA:167,5
DA:168,5
DA:170,5
DA:172,5
DA:174,5
DA:175,5
DA:177,5
DA:178,5
DA:179,1
DA:180,1
DA:182,4
DA:183,1
DA:186,3
DA:187,3
DA:189,3
DA:190,2
DA:191,2
DA:193,3
DA:194,2
DA:195,2
DA:197,3
DA:198,0
DA:199,0
DA:201,3
DA:202,0
DA:203,0
DA:205,3
DA:206,2
DA:207,2
DA:210,3
DA:211,1
DA:214,2
DA:216,2
DA:217,2
DA:218,2
DA:219,1
DA:220,1
DA:222,1
DA:227,0
DA:228,0
DA:232,1
DA:233,3
DA:234,3
DA:235,3
DA:236,2
DA:237,1
DA:238,1
DA:240,1
DA:243,1
DA:244,1
DA:248,1
DA:249,4
DA:250,4
DA:251,4
DA:253,4
DA:254,4
DA:256,4
DA:257,3
DA:258,1
DA:259,1
DA:262,2
DA:263,1
DA:266,1
DA:270,1
DA:271,1
DA:276,1
LF:156
LH:148
BRDA:31,0,0,1
BRDA:31,0,1,4
BRDA:31,1,0,5
BRDA:31,1,1,5
BRDA:31,1,2,4
BRDA:31,1,3,4
BRDA:41,2,0,1
BRDA:41,2,1,2
BRDA:45,3,0,1
BRDA:45,3,1,1
BRDA:48,4,0,1
BRDA:48,4,1,0
BRDA:48,5,0,1
BRDA:48,5,1,1
BRDA:53,6,0,0
BRDA:53,6,1,1
BRDA:79,7,0,1
BRDA:79,7,1,4
BRDA:79,8,0,5
BRDA:79,8,1,4
BRDA:87,9,0,1
BRDA:87,9,1,2
BRDA:91,10,0,1
BRDA:91,10,1,1
BRDA:111,11,0,5
BRDA:111,11,1,4
BRDA:112,12,0,5
BRDA:112,12,1,4
BRDA:119,13,0,1
BRDA:119,13,1,3
BRDA:123,14,0,1
BRDA:123,14,1,2
BRDA:149,15,0,1
BRDA:149,15,1,2
BRDA:153,16,0,1
BRDA:153,16,1,1
BRDA:178,17,0,1
BRDA:178,17,1,4
BRDA:182,18,0,1
BRDA:182,18,1,3
BRDA:189,19,0,2
BRDA:189,19,1,1
BRDA:193,20,0,2
BRDA:193,20,1,1
BRDA:197,21,0,0
BRDA:197,21,1,3
BRDA:201,22,0,0
BRDA:201,22,1,3
BRDA:205,23,0,2
BRDA:205,23,1,1
BRDA:210,24,0,1
BRDA:210,24,1,2
BRDA:218,25,0,1
BRDA:218,25,1,1
BRDA:236,26,0,1
BRDA:236,26,1,1
BRDA:257,27,0,1
BRDA:257,27,1,2
BRDA:262,28,0,1
BRDA:262,28,1,1
BRF:60
BRH:56
end_of_record
